{"level":"INFO","message":"[9:25:35.637 AM]: Creating new connection object"}
{"level":"INFO","message":"[9:25:35.659 AM]: Creating Connection[id: d858195c-1fb3-4794-9f71-3150ba5ae81c] with host: your_snowflake_account_identifier.snowflakecomputing.com, account: your_snowflake_account_identifier, accessUrl: https://your_snowflake_account_identifier.snowflakecomputing.com, user: your_snowflake_username, password is provided, role: undefined, database: undefined, schema: undefined, warehouse: your_snowflake_warehouse, region: undefined, authenticator: SNOWFLAKE, ocsp mode: FAIL_OPEN, os: linux, os version: 6.6.72+"}
{"level":"INFO","message":"[9:25:35.660 AM]: Connection[id: d858195c-1fb3-4794-9f71-3150ba5ae81c] additional details: passcode in password is provided, passcode is not provided, private key is not provided, application: undefined, client name: snowflake-sdk, client version: 1.15.0, retry timeout: 300, private key path: undefined, private key pass is not provided, client store temporary credential: false, browser response timeout: 120000"}
{"level":"INFO","message":"[9:25:35.661 AM]: Connection[id: d858195c-1fb3-4794-9f71-3150ba5ae81c] - connection object created successfully."}
{"level":"INFO","message":"[9:25:35.663 AM]: Connection[id: d858195c-1fb3-4794-9f71-3150ba5ae81c] - connecting. Associated Snowflake domain: GLOBAL"}
{"level":"INFO","message":"[9:25:35.664 AM]: Connection[id: d858195c-1fb3-4794-9f71-3150ba5ae81c] - authentication successful using: SNOWFLAKE"}
{"level":"INFO","message":"[9:25:35.665 AM]: Trying to initialize Easy Logging"}
{"level":"INFO","message":"[9:25:35.669 AM]: No client config detected."}
{"level":"INFO","message":"[9:25:35.669 AM]: No config file path found. Client config will not be used."}
{"level":"INFO","message":"[9:25:35.670 AM]: Easy Logging is disabled as no config has been found"}
{"level":"INFO","message":"[9:25:35.681 AM]: Connection[id: d858195c-1fb3-4794-9f71-3150ba5ae81c] - connected successfully after 18.172233999997843 milliseconds"}
{"level":"INFO","message":"[9:49:22.064 AM]: Creating new connection object"}
{"level":"INFO","message":"[9:49:22.086 AM]: Creating Connection[id: b9c93e79-e67f-4e03-b155-a6d7897efa91] with host: your_snowflake_account_identifier.eu.snowflakecomputing.com, account: your_snowflake_account_identifier, accessUrl: https://your_snowflake_account_identifier.eu.snowflakecomputing.com, user: your_snowflake_username, password is provided, role: undefined, database: undefined, schema: undefined, warehouse: your_snowflake_warehouse, region: eu, authenticator: SNOWFLAKE, ocsp mode: FAIL_OPEN, os: linux, os version: 6.6.72+"}
{"level":"INFO","message":"[9:49:22.088 AM]: Connection[id: b9c93e79-e67f-4e03-b155-a6d7897efa91] additional details: passcode in password is provided, passcode is not provided, private key is not provided, application: undefined, client name: snowflake-sdk, client version: 1.15.0, retry timeout: 300, private key path: undefined, private key pass is not provided, client store temporary credential: false, browser response timeout: 120000"}
{"level":"INFO","message":"[9:49:22.089 AM]: Connection[id: b9c93e79-e67f-4e03-b155-a6d7897efa91] - connection object created successfully."}
{"level":"INFO","message":"[9:49:22.090 AM]: Connection[id: b9c93e79-e67f-4e03-b155-a6d7897efa91] - connecting. Associated Snowflake domain: GLOBAL"}
{"level":"INFO","message":"[9:49:22.091 AM]: Connection[id: b9c93e79-e67f-4e03-b155-a6d7897efa91] - authentication successful using: SNOWFLAKE"}
{"level":"INFO","message":"[9:49:22.093 AM]: Trying to initialize Easy Logging"}
{"level":"INFO","message":"[9:49:22.099 AM]: No client config detected."}
{"level":"INFO","message":"[9:49:22.099 AM]: No config file path found. Client config will not be used."}
{"level":"INFO","message":"[9:49:22.100 AM]: Easy Logging is disabled as no config has been found"}
{"level":"INFO","message":"[9:49:22.109 AM]: Connection[id: b9c93e79-e67f-4e03-b155-a6d7897efa91] - connected successfully after 18.59737000009045 milliseconds"}
{"level":"INFO","message":"[9:57:00.350 AM]: Creating new connection object"}
{"level":"INFO","message":"[9:57:00.373 AM]: Creating Connection[id: ac288536-7ba2-43f6-97fc-254dd0fd1303] with host: your_snowflake_account_identifier.eu.snowflakecomputing.com, account: your_snowflake_account_identifier, accessUrl: https://your_snowflake_account_identifier.eu.snowflakecomputing.com, user: your_snowflake_username, password is provided, role: undefined, database: undefined, schema: undefined, warehouse: your_snowflake_warehouse, region: eu, authenticator: SNOWFLAKE, ocsp mode: FAIL_OPEN, os: linux, os version: 6.6.72+"}
{"level":"INFO","message":"[9:57:00.375 AM]: Connection[id: ac288536-7ba2-43f6-97fc-254dd0fd1303] additional details: passcode in password is provided, passcode is not provided, private key is not provided, application: undefined, client name: snowflake-sdk, client version: 1.15.0, retry timeout: 300, private key path: undefined, private key pass is not provided, client store temporary credential: false, browser response timeout: 120000"}
{"level":"INFO","message":"[9:57:00.376 AM]: Connection[id: ac288536-7ba2-43f6-97fc-254dd0fd1303] - connection object created successfully."}
{"level":"INFO","message":"[9:57:00.378 AM]: Connection[id: ac288536-7ba2-43f6-97fc-254dd0fd1303] - connecting. Associated Snowflake domain: GLOBAL"}
{"level":"INFO","message":"[9:57:00.379 AM]: Connection[id: ac288536-7ba2-43f6-97fc-254dd0fd1303] - authentication successful using: SNOWFLAKE"}
{"level":"INFO","message":"[9:57:00.380 AM]: Trying to initialize Easy Logging"}
{"level":"INFO","message":"[9:57:00.385 AM]: No client config detected."}
{"level":"INFO","message":"[9:57:00.386 AM]: No config file path found. Client config will not be used."}
{"level":"INFO","message":"[9:57:00.387 AM]: Easy Logging is disabled as no config has been found"}
{"level":"INFO","message":"[9:57:00.402 AM]: Connection[id: ac288536-7ba2-43f6-97fc-254dd0fd1303] - connected successfully after 24.702750999946147 milliseconds"}
{"level":"INFO","message":"[10:00:38.955 AM]: Creating new connection object"}
{"level":"INFO","message":"[10:00:38.974 AM]: Creating Connection[id: c6c5239d-c43d-4707-b2af-0aaa709e1797] with host: your_snowflake_account_identifier.eu.snowflakecomputing.com, account: your_snowflake_account_identifier, accessUrl: https://your_snowflake_account_identifier.eu.snowflakecomputing.com, user: your_snowflake_username, password is provided, role: undefined, database: undefined, schema: undefined, warehouse: your_snowflake_warehouse, region: eu, authenticator: SNOWFLAKE, ocsp mode: FAIL_OPEN, os: linux, os version: 6.6.72+"}
{"level":"INFO","message":"[10:00:38.975 AM]: Connection[id: c6c5239d-c43d-4707-b2af-0aaa709e1797] additional details: passcode in password is provided, passcode is not provided, private key is not provided, application: undefined, client name: snowflake-sdk, client version: 1.15.0, retry timeout: 300, private key path: undefined, private key pass is not provided, client store temporary credential: false, browser response timeout: 120000"}
{"level":"INFO","message":"[10:00:38.976 AM]: Connection[id: c6c5239d-c43d-4707-b2af-0aaa709e1797] - connection object created successfully."}
{"level":"INFO","message":"[10:00:38.978 AM]: Connection[id: c6c5239d-c43d-4707-b2af-0aaa709e1797] - connecting. Associated Snowflake domain: GLOBAL"}
{"level":"INFO","message":"[10:00:38.979 AM]: Connection[id: c6c5239d-c43d-4707-b2af-0aaa709e1797] - authentication successful using: SNOWFLAKE"}
{"level":"INFO","message":"[10:00:38.980 AM]: Trying to initialize Easy Logging"}
{"level":"INFO","message":"[10:00:38.988 AM]: No client config detected."}
{"level":"INFO","message":"[10:00:38.988 AM]: No config file path found. Client config will not be used."}
{"level":"INFO","message":"[10:00:38.996 AM]: Easy Logging is disabled as no config has been found"}
{"level":"INFO","message":"[10:00:39.010 AM]: Connection[id: c6c5239d-c43d-4707-b2af-0aaa709e1797] - connected successfully after 32.0737519999966 milliseconds"}
{"level":"INFO","message":"[10:05:35.201 AM]: Creating new connection object"}
{"level":"INFO","message":"[10:05:35.225 AM]: Creating Connection[id: ca5731d7-b8f5-4b4b-b5b3-e0828cd753be] with host: CONNECT-NIELSENIQ_PROD_WEST_EU.eu.snowflakecomputing.com, account: CONNECT-NIELSENIQ_PROD_WEST_EU, accessUrl: https://CONNECT-NIELSENIQ_PROD_WEST_EU.eu.snowflakecomputing.com, user: OSAUSER, password is provided, role: undefined, database: undefined, schema: undefined, warehouse: NIELSENBUY_CS_CDM_INGESTION_3XL, region: eu, authenticator: SNOWFLAKE, ocsp mode: FAIL_OPEN, os: linux, os version: 6.6.72+"}
{"level":"INFO","message":"[10:05:35.227 AM]: Connection[id: ca5731d7-b8f5-4b4b-b5b3-e0828cd753be] additional details: passcode in password is provided, passcode is not provided, private key is not provided, application: undefined, client name: snowflake-sdk, client version: 1.15.0, retry timeout: 300, private key path: undefined, private key pass is not provided, client store temporary credential: false, browser response timeout: 120000"}
{"level":"INFO","message":"[10:05:35.230 AM]: Connection[id: ca5731d7-b8f5-4b4b-b5b3-e0828cd753be] - connection object created successfully."}
{"level":"INFO","message":"[10:05:35.232 AM]: Connection[id: ca5731d7-b8f5-4b4b-b5b3-e0828cd753be] - connecting. Associated Snowflake domain: GLOBAL"}
{"level":"INFO","message":"[10:05:35.235 AM]: Connection[id: ca5731d7-b8f5-4b4b-b5b3-e0828cd753be] - authentication successful using: SNOWFLAKE"}
{"level":"INFO","message":"[10:05:35.238 AM]: Trying to initialize Easy Logging"}
{"level":"INFO","message":"[10:05:35.244 AM]: No client config detected."}
{"level":"INFO","message":"[10:05:35.245 AM]: No config file path found. Client config will not be used."}
{"level":"INFO","message":"[10:05:35.246 AM]: Easy Logging is disabled as no config has been found"}
{"level":"INFO","message":"[10:05:35.255 AM]: Connection[id: ca5731d7-b8f5-4b4b-b5b3-e0828cd753be] - connected successfully after 23.459404999855906 milliseconds"}
{"level":"INFO","message":"[10:10:17.001 AM]: Creating new connection object"}
{"level":"INFO","message":"[10:10:17.031 AM]: Creating Connection[id: 6f2c77a4-ee19-460e-b759-03e732acc5f4] with host: CONNECT-NIELSENIQ_PROD_WEST_EU.eu.snowflakecomputing.com, account: CONNECT-NIELSENIQ_PROD_WEST_EU, accessUrl: https://CONNECT-NIELSENIQ_PROD_WEST_EU.eu.snowflakecomputing.com, user: OSAUSER, password is provided, role: undefined, database: undefined, schema: undefined, warehouse: NIELSENBUY_CS_CDM_INGESTION_3XL, region: eu, authenticator: SNOWFLAKE, ocsp mode: FAIL_OPEN, os: linux, os version: 6.6.72+"}
{"level":"INFO","message":"[10:10:17.032 AM]: Connection[id: 6f2c77a4-ee19-460e-b759-03e732acc5f4] additional details: passcode in password is provided, passcode is not provided, private key is not provided, application: undefined, client name: snowflake-sdk, client version: 1.15.0, retry timeout: 300, private key path: undefined, private key pass is not provided, client store temporary credential: false, browser response timeout: 120000"}
{"level":"INFO","message":"[10:10:17.036 AM]: Connection[id: 6f2c77a4-ee19-460e-b759-03e732acc5f4] - connection object created successfully."}
{"level":"INFO","message":"[10:10:17.041 AM]: Connection[id: 6f2c77a4-ee19-460e-b759-03e732acc5f4] - connecting. Associated Snowflake domain: GLOBAL"}
{"level":"INFO","message":"[10:10:17.043 AM]: Connection[id: 6f2c77a4-ee19-460e-b759-03e732acc5f4] - authentication successful using: SNOWFLAKE"}
{"level":"INFO","message":"[10:10:17.045 AM]: Trying to initialize Easy Logging"}
{"level":"INFO","message":"[10:10:17.056 AM]: No client config detected."}
{"level":"INFO","message":"[10:10:17.057 AM]: No config file path found. Client config will not be used."}
{"level":"INFO","message":"[10:10:17.058 AM]: Easy Logging is disabled as no config has been found"}
{"level":"INFO","message":"[10:10:17.066 AM]: Connection[id: 6f2c77a4-ee19-460e-b759-03e732acc5f4] - connected successfully after 25.30917300004512 milliseconds"}
{"level":"INFO","message":"[10:13:33.016 AM]: Creating new connection object"}
{"level":"INFO","message":"[10:13:33.018 AM]: Creating Connection[id: 27ddee90-257c-4799-8088-71b28a8a6c57] with host: CONNECT-NIELSENIQ_PROD_WEST_EU.eu.snowflakecomputing.com, account: CONNECT-NIELSENIQ_PROD_WEST_EU, accessUrl: https://CONNECT-NIELSENIQ_PROD_WEST_EU.eu.snowflakecomputing.com, user: OSAUSER, password is provided, role: undefined, database: undefined, schema: undefined, warehouse: NIELSENBUY_CS_CDM_INGESTION_3XL, region: eu, authenticator: SNOWFLAKE, ocsp mode: FAIL_OPEN, os: linux, os version: 6.6.72+"}
{"level":"INFO","message":"[10:13:33.019 AM]: Connection[id: 27ddee90-257c-4799-8088-71b28a8a6c57] additional details: passcode in password is provided, passcode is not provided, private key is not provided, application: undefined, client name: snowflake-sdk, client version: 1.15.0, retry timeout: 300, private key path: undefined, private key pass is not provided, client store temporary credential: false, browser response timeout: 120000"}
{"level":"INFO","message":"[10:13:33.020 AM]: Connection[id: 27ddee90-257c-4799-8088-71b28a8a6c57] - connection object created successfully."}
{"level":"INFO","message":"[10:13:33.022 AM]: Connection[id: 27ddee90-257c-4799-8088-71b28a8a6c57] - connecting. Associated Snowflake domain: GLOBAL"}
{"level":"INFO","message":"[10:13:33.023 AM]: Connection[id: 27ddee90-257c-4799-8088-71b28a8a6c57] - authentication successful using: SNOWFLAKE"}
{"level":"INFO","message":"[10:13:33.025 AM]: Connection[id: 27ddee90-257c-4799-8088-71b28a8a6c57] - connected successfully after 4.302350000012666 milliseconds"}
